[debug] [2019-02-15T13:15:05.193Z] ----------------------------------------------------------------------
[debug] [2019-02-15T13:15:05.195Z] Command:       /usr/local/bin/node /Users/andy/.node/bin/firebase serve --only functions
[debug] [2019-02-15T13:15:05.196Z] CLI Version:   6.0.1
[debug] [2019-02-15T13:15:05.196Z] Platform:      darwin
[debug] [2019-02-15T13:15:05.196Z] Node Version:  v8.9.4
[debug] [2019-02-15T13:15:05.196Z] Time:          Fri Feb 15 2019 13:15:05 GMT+0000 (GMT)
[debug] [2019-02-15T13:15:05.196Z] ----------------------------------------------------------------------
[debug] 
[debug] [2019-02-15T13:15:05.207Z] > command requires scopes: ["email","openid","https://www.googleapis.com/auth/cloudplatformprojects.readonly","https://www.googleapis.com/auth/firebase","https://www.googleapis.com/auth/cloud-platform"]
[debug] [2019-02-15T13:15:05.207Z] > authorizing via signed-in user
[debug] [2019-02-15T13:15:05.208Z] [iam] checking project futbol-cards for permissions ["firebase.projects.get"]
[debug] [2019-02-15T13:15:05.209Z] >>> HTTP REQUEST POST https://cloudresourcemanager.googleapis.com/v1/projects/futbol-cards:testIamPermissions  

[debug] [2019-02-15T13:15:05.964Z] <<< HTTP RESPONSE 200
[debug] [2019-02-15T13:15:05.965Z] >>> HTTP REQUEST GET https://cloudresourcemanager.googleapis.com/v1/projects/futbol-cards  
 
[debug] [2019-02-15T13:15:06.697Z] <<< HTTP RESPONSE 200
[info] 
[info] === Serving from '/Users/andy/workspace/futbol-cards-api'...
[info] 
[info] i  functions: Preparing to emulate functions.
[debug] [2019-02-15T13:15:07.321Z] Fetching environment
[debug] [2019-02-15T13:15:07.322Z] >>> HTTP REQUEST GET https://mobilesdk-pa.googleapis.com/v1/projects/1067786577179:getServerAppConfig  
 
[debug] [2019-02-15T13:15:07.577Z] <<< HTTP RESPONSE 200
[debug] [2019-02-15T13:15:07.577Z] Starting @google-cloud/functions-emulator
[debug] [2019-02-15T13:15:08.626Z] Parsing function triggers
[info] ✔  functions: api: http://localhost:5000/futbol-cards/us-central1/api
[info] Shutting down...
[info] Shutting down...
[info] Shutting down...
