[debug] [2019-02-15T12:08:50.856Z] ----------------------------------------------------------------------
[debug] [2019-02-15T12:08:50.858Z] Command:       /Users/jamesmorgan/.nvm/versions/node/v8.9.4/bin/node /Users/jamesmorgan/.nvm/versions/node/v8.9.4/bin/firebase serve --only functions
[debug] [2019-02-15T12:08:50.858Z] CLI Version:   4.2.1
[debug] [2019-02-15T12:08:50.858Z] Platform:      darwin
[debug] [2019-02-15T12:08:50.858Z] Node Version:  v8.9.4
[debug] [2019-02-15T12:08:50.860Z] Time:          Fri Feb 15 2019 12:08:50 GMT+0000 (GMT)
[debug] [2019-02-15T12:08:50.860Z] ----------------------------------------------------------------------
[debug] 
[debug] [2019-02-15T12:08:50.907Z] > command requires scopes: ["email","openid","https://www.googleapis.com/auth/cloudplatformprojects.readonly","https://www.googleapis.com/auth/firebase","https://www.googleapis.com/auth/cloud-platform"]
[debug] [2019-02-15T12:08:50.908Z] > authorizing via signed-in user
[debug] [2019-02-15T12:08:50.910Z] > refreshing access token with scopes: ["email","https://www.googleapis.com/auth/cloud-platform","https://www.googleapis.com/auth/cloudplatformprojects.readonly","https://www.googleapis.com/auth/firebase","openid"]
[debug] [2019-02-15T12:08:50.910Z] >>> HTTP REQUEST POST https://www.googleapis.com/oauth2/v3/token  

[debug] [2019-02-15T12:08:51.183Z] <<< HTTP RESPONSE 200
[debug] [2019-02-15T12:08:51.197Z] >>> HTTP REQUEST GET https://admin.firebase.com/v1/projects/futbol-cards  
 
[debug] [2019-02-15T12:08:51.825Z] <<< HTTP RESPONSE 200
[debug] [2019-02-15T12:08:51.826Z] >>> HTTP REQUEST GET https://cloudresourcemanager.googleapis.com/v1/projects/futbol-cards  
 
[debug] [2019-02-15T12:08:52.589Z] <<< HTTP RESPONSE 200
[info] 
[info] === Serving from '/Users/jamesmorgan/Dropbox/workspace-blockrocket/futbol-cards-api'...
[info] 
[info] i  functions: Preparing to emulate functions.
[debug] [2019-02-15T12:09:08.096Z] Fetching environment
[debug] [2019-02-15T12:09:08.100Z] >>> HTTP REQUEST GET https://mobilesdk-pa.googleapis.com/v1/projects/1067786577179:getServerAppConfig  
 
[debug] [2019-02-15T12:09:08.316Z] <<< HTTP RESPONSE 200
[debug] [2019-02-15T12:09:08.316Z] Starting @google-cloud/functions-emulator
[debug] [2019-02-15T12:09:13.398Z] Parsing function triggers
[info] ✔  functions: api: http://localhost:5000/futbol-cards/us-central1/api
[debug] [2019-03-04T11:31:21.421Z] ----------------------------------------------------------------------
[debug] [2019-03-04T11:31:21.423Z] Command:       /Users/jamesmorgan/.nvm/versions/node/v8.9.4/bin/node /Users/jamesmorgan/.nvm/versions/node/v8.9.4/bin/firebase serve --only functions
[debug] [2019-03-04T11:31:21.423Z] CLI Version:   4.2.1
[debug] [2019-03-04T11:31:21.423Z] Platform:      darwin
[debug] [2019-03-04T11:31:21.423Z] Node Version:  v8.9.4
[debug] [2019-03-04T11:31:21.424Z] Time:          Mon Mar 04 2019 11:31:21 GMT+0000 (GMT)
[debug] [2019-03-04T11:31:21.424Z] ----------------------------------------------------------------------
[debug] 
[debug] [2019-03-04T11:31:21.433Z] > command requires scopes: ["email","openid","https://www.googleapis.com/auth/cloudplatformprojects.readonly","https://www.googleapis.com/auth/firebase","https://www.googleapis.com/auth/cloud-platform"]
[debug] [2019-03-04T11:31:21.433Z] > authorizing via signed-in user
[debug] [2019-03-04T11:31:21.435Z] >>> HTTP REQUEST GET https://admin.firebase.com/v1/projects/futbol-cards  
 
[debug] [2019-03-04T11:31:22.175Z] <<< HTTP RESPONSE 200
[debug] [2019-03-04T11:31:22.176Z] >>> HTTP REQUEST GET https://cloudresourcemanager.googleapis.com/v1/projects/futbol-cards  
 
[debug] [2019-03-04T11:31:22.915Z] <<< HTTP RESPONSE 200
[info] 
[info] === Serving from '/Users/jamesmorgan/Dropbox/workspace-blockrocket/futbol-cards-api'...
[info] 
[info] i  functions: Preparing to emulate functions.
[debug] [2019-03-04T11:31:23.647Z] Fetching environment
[debug] [2019-03-04T11:31:23.648Z] >>> HTTP REQUEST GET https://mobilesdk-pa.googleapis.com/v1/projects/1067786577179:getServerAppConfig  
 
[debug] [2019-03-04T11:31:24.118Z] <<< HTTP RESPONSE 200
[debug] [2019-03-04T11:31:24.119Z] Starting @google-cloud/functions-emulator
[debug] [2019-03-04T11:31:25.673Z] Parsing function triggers
[info] ✔  functions: api: http://localhost:5000/futbol-cards/us-central1/api
